d:\david\spelunkbots-master\source\spelunky_1_1\bot.lib
d:\david\spelunkbots-master\source\spelunky_1_1\bot.exp
d:\david\spelunkbots-master\dll solution\bot\spelunkbot\release\bot.pch
d:\david\spelunkbots-master\dll solution\bot\spelunkbot\release\vc120.pdb
d:\david\spelunkbots-master\dll solution\bot\spelunkbot\release\stdafx.obj
d:\david\spelunkbots-master\dll solution\bot\spelunkbot\release\helper.obj
d:\david\spelunkbots-master\dll solution\bot\spelunkbot\release\bot.obj
d:\david\spelunkbots-master\dll solution\bot\spelunkbot\release\dllmain.obj
d:\david\spelunkbots-master\dll solution\bot\spelunkbot\release\cell.obj
d:\david\spelunkbots-master\dll solution\bot\spelunkbot\release\map.obj
d:\david\spelunkbots-master\dll solution\bot\spelunkbot\release\movement.obj
d:\david\spelunkbots-master\source\spelunky_1_1\bot.dll
d:\david\spelunkbots-master\source\spelunky_1_1\bot.pdb
d:\david\spelunkbots-master\dll solution\bot\spelunkbot\..\..\..\source\spelunky_1_1\bot.dll
d:\david\spelunkbots-master\dll solution\bot\spelunkbot\release\bot.tlog\bot.write.1u.tlog
d:\david\spelunkbots-master\dll solution\bot\spelunkbot\release\bot.tlog\cl.command.1.tlog
d:\david\spelunkbots-master\dll solution\bot\spelunkbot\release\bot.tlog\cl.read.1.tlog
d:\david\spelunkbots-master\dll solution\bot\spelunkbot\release\bot.tlog\cl.write.1.tlog
d:\david\spelunkbots-master\dll solution\bot\spelunkbot\release\bot.tlog\link.command.1.tlog
d:\david\spelunkbots-master\dll solution\bot\spelunkbot\release\bot.tlog\link.read.1.tlog
d:\david\spelunkbots-master\dll solution\bot\spelunkbot\release\bot.tlog\link.write.1.tlog
